# JRE version: Java(TM) SE Runtime Environment (8.0_251-b08) (build 1.8.0_251-b08)
# Java VM: Java HotSpot(TM) 64-Bit Server VM (25.251-b08 mixed mode windows-amd64 compressed oops)
Heap:
 PSYoungGen      total 273920K, used 69693K [0x000000076b580000, 0x000000077e280000, 0x00000007c0000000)
  eden space 254976K, 19% used [0x000000076b580000,0x000000076e7143a0,0x000000077ae80000)
  from space 18944K, 99% used [0x000000077c600000,0x000000077d87b0f8,0x000000077d880000)
  to   space 24064K, 0% used [0x000000077ae80000,0x000000077ae80000,0x000000077c600000)
 ParOldGen       total 152576K, used 86594K [0x00000006c2000000, 0x00000006cb500000, 0x000000076b580000)
  object space 152576K, 56% used [0x00000006c2000000,0x00000006c7490b88,0x00000006cb500000)
 Metaspace       used 25797K, capacity 26532K, committed 26624K, reserved 1073152K
  class space    used 2895K, capacity 3056K, committed 3072K, reserved 1048576K
GC Heap History (10 events):
Event: 4.552 GC heap before
{Heap before GC invocations=7 (full 0):
 PSYoungGen      total 273920K, used 181401K [0x000000076b580000, 0x000000077e280000, 0x00000007c0000000)
  eden space 254976K, 63% used [0x000000076b580000,0x0000000775428750,0x000000077ae80000)
  from space 18944K, 99% used [0x000000077c600000,0x000000077d87e070,0x000000077d880000)
  to   space 24064K, 0% used [0x000000077ae80000,0x000000077ae80000,0x000000077c600000)
 ParOldGen       total 173568K, used 16666K [0x00000006c2000000, 0x00000006cc980000, 0x000000076b580000)
  object space 173568K, 9% used [0x00000006c2000000,0x00000006c3046878,0x00000006cc980000)
 Metaspace       used 20618K, capacity 21174K, committed 21248K, reserved 1069056K
  class space    used 2425K, capacity 2534K, committed 2560K, reserved 1048576K
Event: 4.566 GC heap after
Heap after GC invocations=7 (full 0):
 PSYoungGen      total 279040K, used 24046K [0x000000076b580000, 0x000000077e280000, 0x00000007c0000000)
  eden space 254976K, 0% used [0x000000076b580000,0x000000076b580000,0x000000077ae80000)
  from space 24064K, 99% used [0x000000077ae80000,0x000000077c5fbaa0,0x000000077c600000)
  to   space 18944K, 0% used [0x000000077c600000,0x000000077c600000,0x000000077d880000)
 ParOldGen       total 173568K, used 23291K [0x00000006c2000000, 0x00000006cc980000, 0x000000076b580000)
  object space 173568K, 13% used [0x00000006c2000000,0x00000006c36befe8,0x00000006cc980000)
 Metaspace       used 20618K, capacity 21174K, committed 21248K, reserved 1069056K
  class space    used 2425K, capacity 2534K, committed 2560K, reserved 1048576K
}
Event: 4.566 GC heap before
{Heap before GC invocations=8 (full 1):
 PSYoungGen      total 279040K, used 24046K [0x000000076b580000, 0x000000077e280000, 0x00000007c0000000)
  eden space 254976K, 0% used [0x000000076b580000,0x000000076b580000,0x000000077ae80000)
  from space 24064K, 99% used [0x000000077ae80000,0x000000077c5fbaa0,0x000000077c600000)
  to   space 18944K, 0% used [0x000000077c600000,0x000000077c600000,0x000000077d880000)
 ParOldGen       total 173568K, used 23291K [0x00000006c2000000, 0x00000006cc980000, 0x000000076b580000)
  object space 173568K, 13% used [0x00000006c2000000,0x00000006c36befe8,0x00000006cc980000)
 Metaspace       used 20618K, capacity 21174K, committed 21248K, reserved 1069056K
  class space    used 2425K, capacity 2534K, committed 2560K, reserved 1048576K
Event: 4.644 GC heap after
Heap after GC invocations=8 (full 1):
 PSYoungGen      total 279040K, used 0K [0x000000076b580000, 0x000000077e280000, 0x00000007c0000000)
  eden space 254976K, 0% used [0x000000076b580000,0x000000076b580000,0x000000077ae80000)
  from space 24064K, 0% used [0x000000077ae80000,0x000000077ae80000,0x000000077c600000)
  to   space 18944K, 0% used [0x000000077c600000,0x000000077c600000,0x000000077d880000)
 ParOldGen       total 152576K, used 42260K [0x00000006c2000000, 0x00000006cb500000, 0x000000076b580000)
  object space 152576K, 27% used [0x00000006c2000000,0x00000006c4945368,0x00000006cb500000)
 Metaspace       used 20618K, capacity 21174K, committed 21248K, reserved 1069056K
  class space    used 2425K, capacity 2534K, committed 2560K, reserved 1048576K
}
Event: 5.658 GC heap before
{Heap before GC invocations=9 (full 1):
 PSYoungGen      total 279040K, used 254976K [0x000000076b580000, 0x000000077e280000, 0x00000007c0000000)
  eden space 254976K, 100% used [0x000000076b580000,0x000000077ae80000,0x000000077ae80000)
  from space 24064K, 0% used [0x000000077ae80000,0x000000077ae80000,0x000000077c600000)
  to   space 18944K, 0% used [0x000000077c600000,0x000000077c600000,0x000000077d880000)
 ParOldGen       total 152576K, used 42260K [0x00000006c2000000, 0x00000006cb500000, 0x000000076b580000)
  object space 152576K, 27% used [0x00000006c2000000,0x00000006c4945368,0x00000006cb500000)
 Metaspace       used 23145K, capacity 23702K, committed 23808K, reserved 1071104K
  class space    used 2638K, capacity 2758K, committed 2816K, reserved 1048576K
Event: 5.675 GC heap after
Heap after GC invocations=9 (full 1):
 PSYoungGen      total 273920K, used 18938K [0x000000076b580000, 0x000000077e280000, 0x00000007c0000000)
  eden space 254976K, 0% used [0x000000076b580000,0x000000076b580000,0x000000077ae80000)
  from space 18944K, 99% used [0x000000077c600000,0x000000077d87e880,0x000000077d880000)
  to   space 24064K, 0% used [0x000000077ae80000,0x000000077ae80000,0x000000077c600000)
 ParOldGen       total 152576K, used 63526K [0x00000006c2000000, 0x00000006cb500000, 0x000000076b580000)
  object space 152576K, 41% used [0x00000006c2000000,0x00000006c5e09808,0x00000006cb500000)
 Metaspace       used 23145K, capacity 23702K, committed 23808K, reserved 1071104K
  class space    used 2638K, capacity 2758K, committed 2816K, reserved 1048576K
}
Event: 6.803 GC heap before
{Heap before GC invocations=10 (full 1):
 PSYoungGen      total 273920K, used 273914K [0x000000076b580000, 0x000000077e280000, 0x00000007c0000000)
  eden space 254976K, 100% used [0x000000076b580000,0x000000077ae80000,0x000000077ae80000)
  from space 18944K, 99% used [0x000000077c600000,0x000000077d87e880,0x000000077d880000)
  to   space 24064K, 0% used [0x000000077ae80000,0x000000077ae80000,0x000000077c600000)
 ParOldGen       total 152576K, used 63526K [0x00000006c2000000, 0x00000006cb500000, 0x000000076b580000)
  object space 152576K, 41% used [0x00000006c2000000,0x00000006c5e09808,0x00000006cb500000)
 Metaspace       used 25614K, capacity 26390K, committed 26624K, reserved 1073152K
  class space    used 2892K, capacity 3052K, committed 3072K, reserved 1048576K
Event: 6.816 GC heap after
Heap after GC invocations=10 (full 1):
 PSYoungGen      total 279040K, used 24046K [0x000000076b580000, 0x000000077e280000, 0x00000007c0000000)
  eden space 254976K, 0% used [0x000000076b580000,0x000000076b580000,0x000000077ae80000)
  from space 24064K, 99% used [0x000000077ae80000,0x000000077c5fb830,0x000000077c600000)
  to   space 18944K, 0% used [0x000000077c600000,0x000000077c600000,0x000000077d880000)
 ParOldGen       total 152576K, used 66909K [0x00000006c2000000, 0x00000006cb500000, 0x000000076b580000)
  object space 152576K, 43% used [0x00000006c2000000,0x00000006c6157720,0x00000006cb500000)
 Metaspace       used 25614K, capacity 26390K, committed 26624K, reserved 1073152K
  class space    used 2892K, capacity 3052K, committed 3072K, reserved 1048576K
}
Event: 7.521 GC heap before
{Heap before GC invocations=11 (full 1):
 PSYoungGen      total 279040K, used 279022K [0x000000076b580000, 0x000000077e280000, 0x00000007c0000000)
  eden space 254976K, 100% used [0x000000076b580000,0x000000077ae80000,0x000000077ae80000)
  from space 24064K, 99% used [0x000000077ae80000,0x000000077c5fb830,0x000000077c600000)
  to   space 18944K, 0% used [0x000000077c600000,0x000000077c600000,0x000000077d880000)
 ParOldGen       total 152576K, used 66909K [0x00000006c2000000, 0x00000006cb500000, 0x000000076b580000)
  object space 152576K, 43% used [0x00000006c2000000,0x00000006c6157720,0x00000006cb500000)
 Metaspace       used 25791K, capacity 26532K, committed 26624K, reserved 1073152K
  class space    used 2895K, capacity 3056K, committed 3072K, reserved 1048576K
Event: 7.537 GC heap after
Heap after GC invocations=11 (full 1):
 PSYoungGen      total 273920K, used 18924K [0x000000076b580000, 0x000000077e280000, 0x00000007c0000000)
  eden space 254976K, 0% used [0x000000076b580000,0x000000076b580000,0x000000077ae80000)
  from space 18944K, 99% used [0x000000077c600000,0x000000077d87b0f8,0x000000077d880000)
  to   space 24064K, 0% used [0x000000077ae80000,0x000000077ae80000,0x000000077c600000)
 ParOldGen       total 152576K, used 86594K [0x00000006c2000000, 0x00000006cb500000, 0x000000076b580000)
  object space 152576K, 56% used [0x00000006c2000000,0x00000006c7490b88,0x00000006cb500000)
 Metaspace       used 25791K, capacity 26532K, committed 26624K, reserved 1073152K
  class space    used 2895K, capacity 3056K, committed 3072K, reserved 1048576K
}

